Start testing: Nov 01 21:49 CST
----------------------------------------------------------
1/1 Testing: MathTest
1/1 Test: MathTest
Command: "/home/jonson/cuda-learning/C++学习/01-基础语法/basic_proj/build/math_test"
Directory: /home/jonson/cuda-learning/C++学习/01-基础语法/basic_proj/build
"MathTest" start time: Nov 01 21:49 CST
Output:
----------------------------------------------------------
Running main() from /home/jonson/cuda-learning/C++学习/01-基础语法/basic_proj/build/_deps/googletest-src/googletest/src/gtest_main.cc
[==========] Running 6 tests from 1 test suite.
[----------] Global test environment set-up.
[----------] 6 tests from MathTest
[ RUN      ] MathTest.BasicAddition
[       OK ] MathTest.BasicAddition (0 ms)
[ RUN      ] MathTest.NegativeNumbers
[       OK ] MathTest.NegativeNumbers (0 ms)
[ RUN      ] MathTest.TwoNegativeNumbers
[       OK ] MathTest.TwoNegativeNumbers (0 ms)
[ RUN      ] MathTest.ZeroValues
[       OK ] MathTest.ZeroValues (0 ms)
[ RUN      ] MathTest.LargeNumbers
[       OK ] MathTest.LargeNumbers (0 ms)
[ RUN      ] MathTest.BoundaryValues
[       OK ] MathTest.BoundaryValues (0 ms)
[----------] 6 tests from MathTest (0 ms total)

[----------] Global test environment tear-down
[==========] 6 tests from 1 test suite ran. (0 ms total)
[  PASSED  ] 6 tests.
<end of output>
Test time =   0.00 sec
----------------------------------------------------------
Test Passed.
"MathTest" end time: Nov 01 21:49 CST
"MathTest" time elapsed: 00:00:00
----------------------------------------------------------

End testing: Nov 01 21:49 CST
